# Домашнее задание к занятию «Индексы»

### Инструкция по выполнению домашнего задания

1. Сделайте fork [репозитория c шаблоном решения](https://github.com/netology-code/sys-pattern-homework) к себе в Github и переименуйте его по названию или номеру занятия, например, https://github.com/имя-вашего-репозитория/gitlab-hw или https://github.com/имя-вашего-репозитория/8-03-hw).
2. Выполните клонирование этого репозитория к себе на ПК с помощью команды `git clone`.
3. Выполните домашнее задание и заполните у себя локально этот файл README.md:
   - впишите вверху название занятия и ваши фамилию и имя;
   - в каждом задании добавьте решение в требуемом виде: текст/код/скриншоты/ссылка;
   - для корректного добавления скриншотов воспользуйтесь инструкцией [«Как вставить скриншот в шаблон с решением»](https://github.com/netology-code/sys-pattern-homework/blob/main/screen-instruction.md);
   - при оформлении используйте возможности языка разметки md. Коротко об этом можно посмотреть в [инструкции по MarkDown](https://github.com/netology-code/sys-pattern-homework/blob/main/md-instruction.md).
4. После завершения работы над домашним заданием сделайте коммит (`git commit -m "comment"`) и отправьте его на Github (`git push origin`).
5. Для проверки домашнего задания преподавателем в личном кабинете прикрепите и отправьте ссылку на решение в виде md-файла в вашем Github.
6. Любые вопросы задавайте в чате учебной группы и/или в разделе «Вопросы по заданию» в личном кабинете.

Желаем успехов в выполнении домашнего задания.

### Задание 1

Напишите запрос к учебной базе данных, который вернёт процентное отношение общего размера всех индексов к общему размеру всех таблиц.

![alt text](https://github.com/Myrork/Sys_storage/blob/main/12-05/12-05-1.png)


### Задание 2

Выполните explain analyze следующего запроса:
```sql
EXPLAIN ANALYZE
select distinct concat(c.last_name, ' ', c.first_name), sum(p.amount) over (partition by c.customer_id, f.title)
from payment p, rental r, customer c, inventory i, film f
where date(p.payment_date) = '2005-07-30' and p.payment_date = r.rental_date and r.customer_id = c.customer_id and i.inventory_id = r.inventory_id

> Table scan on <temporary>  (cost=2.5..2.5 rows=0) (actual time=4417..4417 rows=391 loops=1)
    -> Temporary table with deduplication  (cost=0..0 rows=0) (actual time=4417..4417 rows=391 loops=1)
        -> Window aggregate with buffering: sum(payment.amount) OVER (PARTITION BY c.customer_id,f.title )   (actual time=2224..4279 rows=642000 loops=1)
            -> Sort: c.customer_id, f.title  (actual time=2223..2264 rows=642000 loops=1)
                -> Stream results  (cost=22.2e+6 rows=15.8e+6) (actual time=4.15..1400 rows=642000 loops=1)
                    -> Nested loop inner join  (cost=22.2e+6 rows=15.8e+6) (actual time=4.15..1224 rows=642000 loops=1)
                        -> Nested loop inner join  (cost=20.6e+6 rows=15.8e+6) (actual time=4.09..1060 rows=642000 loops=1)
                            -> Nested loop inner join  (cost=19e+6 rows=15.8e+6) (actual time=3.98..895 rows=642000 loops=1)
                                -> Inner hash join (no condition)  (cost=1.58e+6 rows=15.8e+6) (actual time=2.55..49.1 rows=634000 loops=1)
                                    -> Filter: (cast(p.payment_date as date) = '2005-07-30')  (cost=1.87 rows=15813) (actual time=0.346..16 rows=634 loops=1)
                                        -> Table scan on p  (cost=1.87 rows=15813) (actual time=0.321..13.3 rows=16044 loops=1)
                                    -> Hash
                                        -> Covering index scan on f using idx_title  (cost=112 rows=1000) (actual time=1.97..2.14 rows=1000 loops=1)
                                -> Covering index lookup on r using rental_date (rental_date=p.payment_date)  (cost=1 rows=1) (actual time=801e-6..0.0012 rows=1.01 loops=634000)
                            -> Single-row index lookup on c using PRIMARY (customer_id=r.customer_id)  (cost=0.001 rows=1) (actual time=103e-6..131e-6 rows=1 loops=642000)
                        -> Single-row covering index lookup on i using PRIMARY (inventory_id=r.inventory_id)  (cost=0.001 rows=1) (actual time=93.1e-6..114e-6 rows=1 loops=642000)
                        
                        
                        
EXPLAIN ANALYZE
SELECT DISTINCT 
    CONCAT(c.last_name, ' ', c.first_name) AS full_name,  
    SUM(p.amount) AS total_amount
FROM 
    payment p
JOIN rental r ON p.payment_date = r.rental_date
JOIN customer c ON r.customer_id = c.customer_id
WHERE 
    p.payment_date >= '2005-07-30 00:00:00' 
    AND p.payment_date < '2005-07-31 00:00:00'
GROUP BY 
    c.customer_id;

-> Sort with duplicate removal: full_name, total_amount  (actual time=7.29..7.31 rows=391 loops=1)
    -> Table scan on <temporary>  (actual time=7.1..7.14 rows=391 loops=1)
        -> Aggregate using temporary table  (actual time=7.09..7.09 rows=391 loops=1)
            -> Nested loop inner join  (cost=4099 rows=1758) (actual time=0.204..6.73 rows=642 loops=1)
                -> Nested loop inner join  (cost=3483 rows=1758) (actual time=0.196..6.19 rows=642 loops=1)
                    -> Filter: ((p.payment_date >= TIMESTAMP'2005-07-30 00:00:00') and (p.payment_date < TIMESTAMP'2005-07-31 00:00:00'))  (cost=1606 rows=1757) (actual time=0.171..3.9 rows=634 loops=1)
                        -> Table scan on p  (cost=1606 rows=15813) (actual time=0.161..2.9 rows=16044 loops=1)
                    -> Covering index lookup on r using rental_date (rental_date=p.payment_date)  (cost=0.969 rows=1) (actual time=0.00312..0.00347 rows=1.01 loops=634)
                -> Single-row index lookup on c using PRIMARY (customer_id=r.customer_id)  (cost=0.25 rows=1) (actual time=694e-6..713e-6 rows=1 loops=642)
```
- перечислите узкие места;
- оптимизируйте запрос: внесите корректировки по использованию операторов, при необходимости добавьте индексы.
1. Использование функции DATE() для преобразования столбца payment_date мешает использованию индекса на этом столбце.
2. Оконная функция может быть заменена на более эффективный GROUP BY, если вам нужно только агрегированное значение для каждой группы.
3. Использование таблиц film, inventory
4. Использование условий 
```sql 
 p.payment_date = r.rental_date and r.customer_id = c.customer_id and i.inventory_id = r.inventory_id 
``` 

## Дополнительные задания (со звёздочкой*)
Эти задания дополнительные, то есть не обязательные к выполнению, и никак не повлияют на получение вами зачёта по этому домашнему заданию. Вы можете их выполнить, если хотите глубже шире разобраться в материале.

### Задание 3*

Самостоятельно изучите, какие типы индексов используются в PostgreSQL. Перечислите те индексы, которые используются в PostgreSQL, а в MySQL — нет.

*Приведите ответ в свободной форме.*
